<?xml version="1.0" encoding="UTF-8"?>
<!-- Generated by org.testng.reporters.JUnitXMLReporter -->
<testsuite ignored="0" hostname="CHNMCT209217L" failures="0" tests="4" name="TestDemo" time="47.409" errors="0" timestamp="2020-01-13T11:34:27 IST">
  <testcase classname="Framework.tests.TestCase_1" name="test_google_news_result" time="4.155"/>
  <testcase classname="Framework.tests.TestCase_1" name="test_google_search_result" time="3.692"/>
  <testcase classname="Framework.tests.TestCase_1" name="test_google_images_result" time="7.662"/>
  <testcase classname="Framework.tests.TestCase_1" name="test_google_books_result" time="3.014"/>
</testsuite> <!-- TestDemo -->
