<?xml version="1.0" encoding="UTF-8"?>
<!-- Generated by org.testng.reporters.JUnitXMLReporter -->
<testsuite ignored="0" hostname="CHNMCT209217L" failures="0" tests="4" name="TestDemo" time="130.672" errors="0" timestamp="2019-12-23T14:30:01 IST">
  <testcase classname="Framework.tests.TestCase_1" name="test_google_search_result" time="3.556"/>
  <testcase classname="Framework.tests.TestCase_1" name="test_google_news_result" time="13.354"/>
  <testcase classname="Framework.tests.TestCase_1" name="test_google_images_result" time="6.818"/>
  <testcase classname="Framework.tests.TestCase_1" name="test_google_books_result" time="14.405"/>
</testsuite> <!-- TestDemo -->
