<?xml version="1.0" encoding="UTF-8"?>
<testng-results ignored="0" total="4" passed="4" failed="0" skipped="0">
  <reporter-output>
  </reporter-output>
  <suite started-at="2020-01-13T11:33:40 IST" name="Default Suite" finished-at="2020-01-13T11:34:27 IST" duration-ms="47409">
    <groups>
    </groups>
    <test started-at="2020-01-13T11:33:40 IST" name="TestDemo" finished-at="2020-01-13T11:34:27 IST" duration-ms="47409">
      <class name="Framework.tests.TestCase_1">
        <test-method is-config="true" signature="setup()[pri:0, instance:Framework.tests.TestCase_1@31d7b7bf]" started-at="2020-01-13T11:33:40 IST" name="setup" finished-at="2020-01-13T11:33:46 IST" duration-ms="6262" status="PASS">
          <reporter-output>
          </reporter-output>
        </test-method> <!-- setup -->
        <test-method signature="test_google_news_result()[pri:-1, instance:Framework.tests.TestCase_1@31d7b7bf]" started-at="2020-01-13T11:33:46 IST" name="test_google_news_result" finished-at="2020-01-13T11:33:50 IST" duration-ms="4155" status="PASS">
          <reporter-output>
          </reporter-output>
        </test-method> <!-- test_google_news_result -->
        <test-method is-config="true" signature="tearDown()[pri:0, instance:Framework.tests.TestCase_1@31d7b7bf]" started-at="2020-01-13T11:33:50 IST" name="tearDown" finished-at="2020-01-13T11:33:51 IST" duration-ms="766" status="PASS">
          <reporter-output>
          </reporter-output>
        </test-method> <!-- tearDown -->
        <test-method is-config="true" signature="setup()[pri:0, instance:Framework.tests.TestCase_1@31d7b7bf]" started-at="2020-01-13T11:33:51 IST" name="setup" finished-at="2020-01-13T11:33:57 IST" duration-ms="5562" status="PASS">
          <reporter-output>
          </reporter-output>
        </test-method> <!-- setup -->
        <test-method signature="test_google_search_result()[pri:0, instance:Framework.tests.TestCase_1@31d7b7bf]" started-at="2020-01-13T11:33:57 IST" name="test_google_search_result" finished-at="2020-01-13T11:34:00 IST" duration-ms="3692" status="PASS">
          <reporter-output>
          </reporter-output>
        </test-method> <!-- test_google_search_result -->
        <test-method is-config="true" signature="tearDown()[pri:0, instance:Framework.tests.TestCase_1@31d7b7bf]" started-at="2020-01-13T11:34:00 IST" name="tearDown" finished-at="2020-01-13T11:34:01 IST" duration-ms="978" status="PASS">
          <reporter-output>
          </reporter-output>
        </test-method> <!-- tearDown -->
        <test-method is-config="true" signature="setup()[pri:0, instance:Framework.tests.TestCase_1@31d7b7bf]" started-at="2020-01-13T11:34:01 IST" name="setup" finished-at="2020-01-13T11:34:08 IST" duration-ms="6562" status="PASS">
          <reporter-output>
          </reporter-output>
        </test-method> <!-- setup -->
        <test-method signature="test_google_images_result()[pri:2, instance:Framework.tests.TestCase_1@31d7b7bf]" started-at="2020-01-13T11:34:08 IST" name="test_google_images_result" finished-at="2020-01-13T11:34:16 IST" duration-ms="7662" status="PASS">
          <reporter-output>
          </reporter-output>
        </test-method> <!-- test_google_images_result -->
        <test-method is-config="true" signature="tearDown()[pri:0, instance:Framework.tests.TestCase_1@31d7b7bf]" started-at="2020-01-13T11:34:16 IST" name="tearDown" finished-at="2020-01-13T11:34:17 IST" duration-ms="1518" status="PASS">
          <reporter-output>
          </reporter-output>
        </test-method> <!-- tearDown -->
        <test-method is-config="true" signature="setup()[pri:0, instance:Framework.tests.TestCase_1@31d7b7bf]" started-at="2020-01-13T11:34:17 IST" name="setup" finished-at="2020-01-13T11:34:23 IST" duration-ms="5688" status="PASS">
          <reporter-output>
          </reporter-output>
        </test-method> <!-- setup -->
        <test-method signature="test_google_books_result()[pri:3, instance:Framework.tests.TestCase_1@31d7b7bf]" started-at="2020-01-13T11:34:23 IST" name="test_google_books_result" finished-at="2020-01-13T11:34:26 IST" duration-ms="3014" status="PASS">
          <reporter-output>
          </reporter-output>
        </test-method> <!-- test_google_books_result -->
        <test-method is-config="true" signature="tearDown()[pri:0, instance:Framework.tests.TestCase_1@31d7b7bf]" started-at="2020-01-13T11:34:26 IST" name="tearDown" finished-at="2020-01-13T11:34:27 IST" duration-ms="1498" status="PASS">
          <reporter-output>
          </reporter-output>
        </test-method> <!-- tearDown -->
      </class> <!-- Framework.tests.TestCase_1 -->
    </test> <!-- TestDemo -->
  </suite> <!-- Default Suite -->
</testng-results>
