<?xml version="1.0" encoding="UTF-8"?>
<testng-results ignored="0" total="4" passed="4" failed="0" skipped="0">
  <reporter-output>
  </reporter-output>
  <suite started-at="2019-12-23T14:27:51 IST" name="Default Suite" finished-at="2019-12-23T14:30:01 IST" duration-ms="130672">
    <groups>
    </groups>
    <test started-at="2019-12-23T14:27:51 IST" name="TestDemo" finished-at="2019-12-23T14:30:01 IST" duration-ms="130672">
      <class name="Framework.tests.TestCase_1">
        <test-method is-config="true" signature="setup()[pri:0, instance:Framework.tests.TestCase_1@4a22f9e2]" started-at="2019-12-23T14:27:51 IST" name="setup" finished-at="2019-12-23T14:28:16 IST" duration-ms="25038" status="PASS">
          <reporter-output>
          </reporter-output>
        </test-method> <!-- setup -->
        <test-method signature="test_google_search_result()[pri:0, instance:Framework.tests.TestCase_1@4a22f9e2]" started-at="2019-12-23T14:28:16 IST" name="test_google_search_result" finished-at="2019-12-23T14:28:19 IST" duration-ms="3556" status="PASS">
          <reporter-output>
          </reporter-output>
        </test-method> <!-- test_google_search_result -->
        <test-method is-config="true" signature="tearDown()[pri:0, instance:Framework.tests.TestCase_1@4a22f9e2]" started-at="2019-12-23T14:28:19 IST" name="tearDown" finished-at="2019-12-23T14:28:20 IST" duration-ms="986" status="PASS">
          <reporter-output>
          </reporter-output>
        </test-method> <!-- tearDown -->
        <test-method is-config="true" signature="setup()[pri:0, instance:Framework.tests.TestCase_1@4a22f9e2]" started-at="2019-12-23T14:28:20 IST" name="setup" finished-at="2019-12-23T14:28:34 IST" duration-ms="13388" status="PASS">
          <reporter-output>
          </reporter-output>
        </test-method> <!-- setup -->
        <test-method signature="test_google_news_result()[pri:1, instance:Framework.tests.TestCase_1@4a22f9e2]" started-at="2019-12-23T14:28:34 IST" name="test_google_news_result" finished-at="2019-12-23T14:28:47 IST" duration-ms="13354" status="PASS">
          <reporter-output>
          </reporter-output>
        </test-method> <!-- test_google_news_result -->
        <test-method is-config="true" signature="tearDown()[pri:0, instance:Framework.tests.TestCase_1@4a22f9e2]" started-at="2019-12-23T14:28:47 IST" name="tearDown" finished-at="2019-12-23T14:28:49 IST" duration-ms="1703" status="PASS">
          <reporter-output>
          </reporter-output>
        </test-method> <!-- tearDown -->
        <test-method is-config="true" signature="setup()[pri:0, instance:Framework.tests.TestCase_1@4a22f9e2]" started-at="2019-12-23T14:28:49 IST" name="setup" finished-at="2019-12-23T14:29:19 IST" duration-ms="30290" status="PASS">
          <reporter-output>
          </reporter-output>
        </test-method> <!-- setup -->
        <test-method signature="test_google_images_result()[pri:2, instance:Framework.tests.TestCase_1@4a22f9e2]" started-at="2019-12-23T14:29:19 IST" name="test_google_images_result" finished-at="2019-12-23T14:29:26 IST" duration-ms="6818" status="PASS">
          <reporter-output>
          </reporter-output>
        </test-method> <!-- test_google_images_result -->
        <test-method is-config="true" signature="tearDown()[pri:0, instance:Framework.tests.TestCase_1@4a22f9e2]" started-at="2019-12-23T14:29:26 IST" name="tearDown" finished-at="2019-12-23T14:29:27 IST" duration-ms="1325" status="PASS">
          <reporter-output>
          </reporter-output>
        </test-method> <!-- tearDown -->
        <test-method is-config="true" signature="setup()[pri:0, instance:Framework.tests.TestCase_1@4a22f9e2]" started-at="2019-12-23T14:29:27 IST" name="setup" finished-at="2019-12-23T14:29:46 IST" duration-ms="18787" status="PASS">
          <reporter-output>
          </reporter-output>
        </test-method> <!-- setup -->
        <test-method signature="test_google_books_result()[pri:3, instance:Framework.tests.TestCase_1@4a22f9e2]" started-at="2019-12-23T14:29:46 IST" name="test_google_books_result" finished-at="2019-12-23T14:30:00 IST" duration-ms="14405" status="PASS">
          <reporter-output>
          </reporter-output>
        </test-method> <!-- test_google_books_result -->
        <test-method is-config="true" signature="tearDown()[pri:0, instance:Framework.tests.TestCase_1@4a22f9e2]" started-at="2019-12-23T14:30:00 IST" name="tearDown" finished-at="2019-12-23T14:30:01 IST" duration-ms="927" status="PASS">
          <reporter-output>
          </reporter-output>
        </test-method> <!-- tearDown -->
      </class> <!-- Framework.tests.TestCase_1 -->
    </test> <!-- TestDemo -->
  </suite> <!-- Default Suite -->
</testng-results>
